<?xml version="1.0" encoding="utf-8"?><testsuites name="pytest tests"><testsuite name="pytest" errors="0" failures="0" skipped="0" tests="11" time="4.579" timestamp="2026-04-22T15:33:50.295125+00:00" hostname="agent-env-18fb13c2-e54e-4051-9f21-fda1b1840365"><testcase classname="backend.tests.test_admin_members.TestAdminAuth" name="test_admin_login_returns_admin_role" time="0.435" /><testcase classname="backend.tests.test_admin_members.TestAdminAuth" name="test_unauthenticated_admin_members_401" time="0.110" /><testcase classname="backend.tests.test_admin_members.TestAdminAuth" name="test_non_admin_cannot_access" time="0.393" /><testcase classname="backend.tests.test_admin_members.TestAdminCreateMember" name="test_create_member_success_and_login" time="1.109" /><testcase classname="backend.tests.test_admin_members.TestAdminCreateMember" name="test_duplicate_email_400" time="0.046" /><testcase classname="backend.tests.test_admin_members.TestAdminCreateMember" name="test_short_password_400" time="0.046" /><testcase classname="backend.tests.test_admin_members.TestAdminPasswordReset" name="test_reset_member_password" time="1.206" /><testcase classname="backend.tests.test_admin_members.TestAdminPasswordReset" name="test_reset_short_password_400" time="0.317" /><testcase classname="backend.tests.test_admin_members.TestAdminDeleteMember" name="test_delete_member" time="0.426" /><testcase classname="backend.tests.test_admin_members.TestAdminDeleteMember" name="test_delete_invalid_id_400" time="0.051" /><testcase classname="backend.tests.test_admin_members.TestAdminEnroll" name="test_enroll_and_unenroll" time="0.375" /></testsuite></testsuites>