<?xml version="1.0" encoding="utf-8"?><testsuites name="pytest tests"><testsuite name="pytest" errors="0" failures="0" skipped="0" tests="11" time="1.689" timestamp="2026-04-19T21:11:11.878592+00:00" hostname="agent-env-18fb13c2-e54e-4051-9f21-fda1b1840365"><testcase classname="backend.tests.test_api.TestHealthAndBlog" name="test_api_root" time="0.235" /><testcase classname="backend.tests.test_api.TestHealthAndBlog" name="test_blog_articles_returns_6" time="0.124" /><testcase classname="backend.tests.test_api.TestHealthAndBlog" name="test_stats_endpoint" time="0.149" /><testcase classname="backend.tests.test_api.TestLeads" name="test_create_lead" time="0.177" /><testcase classname="backend.tests.test_api.TestLeads" name="test_create_lead_missing_fields" time="0.118" /><testcase classname="backend.tests.test_api.TestWebinarRegistrations" name="test_create_webinar_registration" time="0.115" /><testcase classname="backend.tests.test_api.TestWebinarRegistrations" name="test_create_webinar_missing_fields" time="0.123" /><testcase classname="backend.tests.test_api.TestContact" name="test_create_contact_message" time="0.128" /><testcase classname="backend.tests.test_api.TestContact" name="test_create_contact_missing_fields" time="0.106" /><testcase classname="backend.tests.test_api.TestNewsletter" name="test_subscribe_newsletter" time="0.119" /><testcase classname="backend.tests.test_api.TestNewsletter" name="test_subscribe_newsletter_missing_email" time="0.121" /></testsuite></testsuites>